<?xml version="1.0" encoding="UTF-8"?>
<!-- Generated by org.testng.reporters.JUnitReportReporter -->
<testsuite skipped="0" hostname="DESKTOP-L1QUL2T" name="Testng.scriptss" tests="1" failures="0" timestamp="25 Nov 2020 10:55:30 GMT" time="0.000" errors="0">
  <testcase name="f" time="0.000" classname="Testng.scriptss"/>
</testsuite> <!-- Testng.scriptss -->
