<?xml version="1.0" encoding="UTF-8"?>
<!-- Generated by org.testng.reporters.JUnitReportReporter -->
<testsuite skipped="0" hostname="DESKTOP-L1QUL2T" name="Testng.Script" tests="2" failures="0" timestamp="25 Nov 2020 11:09:35 GMT" time="0.040" errors="0">
  <testcase name="test2" time="0.008" classname="Testng.Script"/>
  <testcase name="f1" time="0.032" classname="Testng.Script"/>
</testsuite> <!-- Testng.Script -->
