<?xml version="1.0" encoding="UTF-8"?>
<!-- Generated by org.testng.reporters.JUnitReportReporter -->
<testsuite skipped="0" hostname="DESKTOP-L1QUL2T" name="Testng.innvocation" tests="1" failures="0" timestamp="25 Nov 2020 11:05:51 GMT" time="0.031" errors="0">
  <testcase name="f" time="0.031" classname="Testng.innvocation"/>
</testsuite> <!-- Testng.innvocation -->
