<?xml version="1.0" encoding="UTF-8"?>
<!-- Generated by org.testng.reporters.JUnitReportReporter -->
<testsuite skipped="0" hostname="DESKTOP-L1QUL2T" name="testsuita.TestA" tests="1" failures="0" timestamp="23 Dec 2020 03:45:37 GMT" time="0.047" errors="0">
  <testcase name="add" time="0.047" classname="testsuita.TestA"/>
</testsuite> <!-- testsuita.TestA -->
